#
# A fatal error has been detected by the Java Runtime Environment:
#
#  EXCEPTION_ACCESS_VIOLATION (0xc0000005) at pc=0x00000000765d8f59, pid=11076, tid=3560
#
# JRE version: Java(TM) SE Runtime Environment (8.0_91-b15) (build 1.8.0_91-b15)
# Java VM: Java HotSpot(TM) 64-Bit Server VM (25.91-b15 mixed mode windows-amd64 compressed oops)
# Problematic frame:
# V  [jvm.dll+0x128f59]
#
# Failed to write core dump. Minidumps are not enabled by default on client versions of Windows
#
# If you would like to submit a bug report, please visit:
#   http://bugreport.java.com/bugreport/crash.jsp
#

---------------  T H R E A D  ---------------

Current thread (0x000000001aeac000):  JavaThread "JDWP Transport Listener: dt_socket" daemon [_thread_in_vm, id=3560, stack(0x000000001b4a0000,0x000000001b5a0000)]

siginfo: ExceptionCode=0xc0000005, reading address 0x0000000000000011

Registers:
RAX=0x000000001b59f001, RBX=0x00000000d5ca7838, RCX=0x00000000d5ca7838, RDX=0x0000000000000001
RSP=0x000000001b59f050, RBP=0x0000000004f0cec0, RSI=0x000000001b59f168, RDI=0x0000000002d589d0
R8 =0x000000001aeac000, R9 =0x0000000000008000, R10=0x000000001af4e8c0, R11=0x000000001aee6c2f
R12=0x0000000000000000, R13=0x000000001aeace18, R14=0x0000000000000000, R15=0x0000000000000000
RIP=0x00000000765d8f59, EFLAGS=0x0000000000010202

Top of Stack: (sp=0x000000001b59f050)
0x000000001b59f050:   000000001aeac000 000000001aeac000
0x000000001b59f060:   000000001b59f118 00000000767df32b
0x000000001b59f070:   000000001aeac000 00000000767fbb8d
0x000000001b59f080:   0000000000000000 00000000763e9155
0x000000001b59f090:   0000000019adadd8 00000000763f291e
0x000000001b59f0a0:   000000001aeac000 0000000000000000
0x000000001b59f0b0:   0000000000000000 0000000000000000
0x000000001b59f0c0:   0000000004f0cec0 00000000763f1a15
0x000000001b59f0d0:   000000001b59f168 000000001b59f140
0x000000001b59f0e0:   0000000000000001 0000000019adadd8
0x000000001b59f0f0:   0000000004f0cec0 00000000763d53b3
0x000000001b59f100:   000000001b59f230 0000000000000001
0x000000001b59f110:   0000000000000001 0000000019adadd8
0x000000001b59f120:   0000000000000009 0000000000000000
0x000000001b59f130:   0000000000000000 0000000000000000
0x000000001b59f140:   0000000000000001 00000000763d5571 

Instructions: (pc=0x00000000765d8f59)
0x00000000765d8f39:   33 c0 48 83 c4 28 c3 48 89 5c 24 20 48 8b 19 48
0x00000000765d8f49:   85 db 74 20 48 83 fb 37 74 1a 48 8b 13 48 8b cb
0x00000000765d8f59:   ff 52 10 84 c0 74 0d 48 8b c3 48 8b 5c 24 20 48
0x00000000765d8f69:   83 c4 28 c3 33 c0 48 8b 5c 24 20 48 83 c4 28 c3 


Register to memory mapping:

RAX=0x000000001b59f001 is pointing into the stack for thread: 0x000000001aeac000
RBX=0x00000000d5ca7838 is an oop
java.lang.Thread 
 - klass: 'java/lang/Thread'
RCX=0x00000000d5ca7838 is an oop
java.lang.Thread 
 - klass: 'java/lang/Thread'
RDX=0x0000000000000001 is an unknown value
RSP=0x000000001b59f050 is pointing into the stack for thread: 0x000000001aeac000
RBP=0x0000000004f0cec0 is a global jni handle
RSI=0x000000001b59f168 is pointing into the stack for thread: 0x000000001aeac000
RDI=0x0000000002d589d0 is an unknown value
R8 =0x000000001aeac000 is a thread
R9 =0x0000000000008000 is an unknown value
R10=0x000000001af4e8c0 is an unknown value
R11=0x000000001aee6c2f is an unknown value
R12=0x0000000000000000 is an unknown value
R13=0x000000001aeace18 is an unknown value
R14=0x0000000000000000 is an unknown value
R15=0x0000000000000000 is an unknown value


Stack: [0x000000001b4a0000,0x000000001b5a0000],  sp=0x000000001b59f050,  free space=1020k
Native frames: (J=compiled Java code, j=interpreted, Vv=VM code, C=native code)
V  [jvm.dll+0x128f59]
V  [jvm.dll+0x34bb8d]
C  [jdwp.dll+0x21a15]
C  [jdwp.dll+0x53b3]
C  [jdwp.dll+0x5571]
C  [jdwp.dll+0xf0a8]
C  [jdwp.dll+0x1f2d5]
C  [jdwp.dll+0x1f4aa]
V  [jvm.dll+0x1bbf38]
V  [jvm.dll+0x243ae4]
V  [jvm.dll+0x29a99a]
C  [msvcr100.dll+0x21d9f]
C  [msvcr100.dll+0x21e3b]
C  [KERNEL32.DLL+0x11fe4]
C  [ntdll.dll+0x6ef91]


---------------  P R O C E S S  ---------------

Java Threads: ( => current thread )
  0x000000001af52000 JavaThread "Service Thread" daemon [_thread_blocked, id=14388, stack(0x000000001baa0000,0x000000001bba0000)]
  0x000000001aed2000 JavaThread "C1 CompilerThread2" daemon [_thread_blocked, id=3616, stack(0x000000001b9a0000,0x000000001baa0000)]
  0x000000001aed1000 JavaThread "C2 CompilerThread1" daemon [_thread_blocked, id=13984, stack(0x000000001b8a0000,0x000000001b9a0000)]
  0x000000001aed8000 JavaThread "C2 CompilerThread0" daemon [_thread_blocked, id=9856, stack(0x000000001b7a0000,0x000000001b8a0000)]
  0x000000001aebd000 JavaThread "JDWP Command Reader" daemon [_thread_in_native, id=19220, stack(0x000000001b6a0000,0x000000001b7a0000)]
  0x000000001aeb9800 JavaThread "JDWP Event Helper Thread" daemon [_thread_blocked, id=5948, stack(0x000000001b5a0000,0x000000001b6a0000)]
=>0x000000001aeac000 JavaThread "JDWP Transport Listener: dt_socket" daemon [_thread_in_vm, id=3560, stack(0x000000001b4a0000,0x000000001b5a0000)]
  0x0000000019af0800 JavaThread "Attach Listener" daemon [_thread_blocked, id=12792, stack(0x000000001b3a0000,0x000000001b4a0000)]
  0x000000001aea8800 JavaThread "Signal Dispatcher" daemon [_thread_blocked, id=11216, stack(0x000000001b2a0000,0x000000001b3a0000)]
  0x0000000019aca800 JavaThread "Finalizer" daemon [_thread_blocked, id=16328, stack(0x000000001ad40000,0x000000001ae40000)]
  0x0000000004f30800 JavaThread "Reference Handler" daemon [_thread_blocked, id=2800, stack(0x000000001ac40000,0x000000001ad40000)]
  0x0000000004e42800 JavaThread "main" [_thread_blocked, id=6868, stack(0x0000000004d40000,0x0000000004e40000)]

Other Threads:
  0x0000000019aa8800 VMThread [stack: 0x000000001ab40000,0x000000001ac40000] [id=11332]
  0x000000001af9c000 WatcherThread [stack: 0x000000001bba0000,0x000000001bca0000] [id=3856]

VM state:not at safepoint (normal execution)

VM Mutex/Monitor currently owned by a thread: None

Heap:
 PSYoungGen      total 38400K, used 2662K [0x00000000d5c00000, 0x00000000d8680000, 0x0000000100000000)
  eden space 33280K, 8% used [0x00000000d5c00000,0x00000000d5e99a50,0x00000000d7c80000)
  from space 5120K, 0% used [0x00000000d8180000,0x00000000d8180000,0x00000000d8680000)
  to   space 5120K, 0% used [0x00000000d7c80000,0x00000000d7c80000,0x00000000d8180000)
 ParOldGen       total 87552K, used 0K [0x0000000081400000, 0x0000000086980000, 0x00000000d5c00000)
  object space 87552K, 0% used [0x0000000081400000,0x0000000081400000,0x0000000086980000)
 Metaspace       used 2959K, capacity 4664K, committed 4864K, reserved 1056768K
  class space    used 322K, capacity 424K, committed 512K, reserved 1048576K

Card table byte_map: [0x0000000014300000,0x0000000014700000] byte_map_base: 0x0000000013ef6000

Marking Bits: (ParMarkBitMap*) 0x0000000076cc2f70
 Begin Bits: [0x0000000014db0000, 0x0000000016d60000)
 End Bits:   [0x0000000016d60000, 0x0000000018d10000)

Polling page: 0x0000000002d30000

CodeCache: size=245760Kb used=1142Kb max_used=1142Kb free=244617Kb
 bounds [0x0000000004f40000, 0x00000000051b0000, 0x0000000013f40000]
 total_blobs=279 nmethods=50 adapters=150
 compilation: enabled

Compilation events (10 events):
Event: 2.021 Thread 0x000000001aed2000   46       3       java.lang.AbstractStringBuilder::expandCapacity (50 bytes)
Event: 2.021 Thread 0x000000001aed2000 nmethod 46 0x000000000505bc10 code [0x000000000505bdc0, 0x000000000505c338]
Event: 2.227 Thread 0x000000001aed2000   47       1       java.util.ArrayList::size (5 bytes)
Event: 2.227 Thread 0x000000001aed2000 nmethod 47 0x000000000505c590 code [0x000000000505c6e0, 0x000000000505c7f0]
Event: 2.227 Thread 0x000000001aed2000   48       3       java.lang.String::startsWith (7 bytes)
Event: 2.227 Thread 0x000000001aed2000 nmethod 48 0x000000000505c850 code [0x000000000505c9c0, 0x000000000505cbe8]
Event: 2.227 Thread 0x000000001aed2000   49       3       java.lang.String::indexOf (166 bytes)
Event: 2.228 Thread 0x000000001aed2000 nmethod 49 0x000000000505cc90 code [0x000000000505ce40, 0x000000000505d490]
Event: 2.228 Thread 0x000000001aed2000   50       1       java.net.URL::getFile (5 bytes)
Event: 2.228 Thread 0x000000001aed2000 nmethod 50 0x000000000505d890 code [0x000000000505d9e0, 0x000000000505daf0]

GC Heap History (0 events):
No events

Deoptimization events (0 events):
No events

Internal exceptions (2 events):
Event: 0.040 Thread 0x0000000004e42800 Exception <a 'java/lang/NoSuchMethodError': Method sun.misc.Unsafe.defineClass(Ljava/lang/String;[BII)Ljava/lang/Class; name or signature does not match> (0x00000000d5c07cc0) thrown at [C:\re\workspace\8-2-build-windows-amd64-cygwin\jdk8u91\7017\hotspot\sr
ñ%ëü¸¤?
Event: 0.040 Thread 0x0000000004e42800 Exception <a 'java/lang/NoSuchMethodError': Method sun.misc.Unsafe.prefetchRead(Ljava/lang/Object;J)V name or signature does not match> (0x00000000d5c07fa8) thrown at [C:\re\workspace\8-2-build-windows-amd64-cygwin\jdk8u91\7017\hotspot\src\share\vm\prims\j

Events (10 events):
Event: 3046.493 Executing VM operation: ChangeBreakpoints
Event: 3046.493 Executing VM operation: ChangeBreakpoints done
Event: 3048.315 Executing VM operation: ChangeBreakpoints
Event: 3048.315 Executing VM operation: ChangeBreakpoints done
Event: 3048.316 Executing VM operation: ChangeBreakpoints
Event: 3048.316 Executing VM operation: ChangeBreakpoints done
Event: 3057.257 Executing VM operation: ChangeBreakpoints
Event: 3057.257 Executing VM operation: ChangeBreakpoints done
Event: 3057.258 Executing VM operation: RedefineClasses
Event: 3057.259 Executing VM operation: RedefineClasses done


Dynamic libraries:
0x00007ff6bf0a0000 - 0x00007ff6bf0d7000 	C:\Program Files\Java\jdk1.8.0_91\bin\java.exe
0x00007ffd07190000 - 0x00007ffd07370000 	C:\WINDOWS\SYSTEM32\ntdll.dll
0x00007ffd06040000 - 0x00007ffd060ee000 	C:\WINDOWS\System32\KERNEL32.DLL
0x00007ffd03590000 - 0x00007ffd037f6000 	C:\WINDOWS\System32\KERNELBASE.dll
0x00007ffd06df0000 - 0x00007ffd06e91000 	C:\WINDOWS\System32\ADVAPI32.dll
0x00007ffd06910000 - 0x00007ffd069ad000 	C:\WINDOWS\System32\msvcrt.dll
0x00007ffd04830000 - 0x00007ffd0488b000 	C:\WINDOWS\System32\sechost.dll
0x00007ffd069b0000 - 0x00007ffd06acf000 	C:\WINDOWS\System32\RPCRT4.dll
0x00007ffd06780000 - 0x00007ffd0690f000 	C:\WINDOWS\System32\USER32.dll
0x00007ffd03800000 - 0x00007ffd03820000 	C:\WINDOWS\System32\win32u.dll
0x00007ffd05f40000 - 0x00007ffd05f68000 	C:\WINDOWS\System32\GDI32.dll
0x00007ffd039f0000 - 0x00007ffd03b83000 	C:\WINDOWS\System32\gdi32full.dll
0x00007ffd03950000 - 0x00007ffd039eb000 	C:\WINDOWS\System32\msvcp_win.dll
0x00007ffd03b90000 - 0x00007ffd03c86000 	C:\WINDOWS\System32\ucrtbase.dll
0x00007ffcf9c10000 - 0x00007ffcf9e79000 	C:\WINDOWS\WinSxS\amd64_microsoft.windows.common-controls_6595b64144ccf1df_6.0.16299.125_none_15cbcf8893620c09\COMCTL32.dll
0x00007ffd06ad0000 - 0x00007ffd06dd8000 	C:\WINDOWS\System32\combase.dll
0x00007ffd03820000 - 0x00007ffd03892000 	C:\WINDOWS\System32\bcryptPrimitives.dll
0x00007ffd06540000 - 0x00007ffd0656d000 	C:\WINDOWS\System32\IMM32.DLL
0x0000000076d50000 - 0x0000000076e22000 	C:\Program Files\Java\jdk1.8.0_91\jre\bin\msvcr100.dll
0x00000000764b0000 - 0x0000000076d43000 	C:\Program Files\Java\jdk1.8.0_91\jre\bin\server\jvm.dll
0x00007ffd04940000 - 0x00007ffd04948000 	C:\WINDOWS\System32\PSAPI.DLL
0x00007ffcfa770000 - 0x00007ffcfa779000 	C:\WINDOWS\SYSTEM32\WSOCK32.dll
0x00007ffd06570000 - 0x00007ffd065dc000 	C:\WINDOWS\System32\WS2_32.dll
0x00007ffcffd90000 - 0x00007ffcffdb3000 	C:\WINDOWS\SYSTEM32\WINMM.dll
0x00007ffcfda30000 - 0x00007ffcfda3a000 	C:\WINDOWS\SYSTEM32\VERSION.dll
0x00007ffcffd60000 - 0x00007ffcffd8a000 	C:\WINDOWS\SYSTEM32\WINMMBASE.dll
0x00007ffd03900000 - 0x00007ffd0394a000 	C:\WINDOWS\System32\cfgmgr32.dll
0x00000000764a0000 - 0x00000000764af000 	C:\Program Files\Java\jdk1.8.0_91\jre\bin\verify.dll
0x0000000076470000 - 0x0000000076499000 	C:\Program Files\Java\jdk1.8.0_91\jre\bin\java.dll
0x00000000763d0000 - 0x0000000076405000 	C:\Program Files\Java\jdk1.8.0_91\jre\bin\jdwp.dll
0x00000000763c0000 - 0x00000000763c8000 	C:\Program Files\Java\jdk1.8.0_91\jre\bin\npt.dll
0x0000000076450000 - 0x0000000076466000 	C:\Program Files\Java\jdk1.8.0_91\jre\bin\zip.dll
0x00007ffd04950000 - 0x00007ffd05d86000 	C:\WINDOWS\System32\SHELL32.dll
0x00007ffd04890000 - 0x00007ffd04936000 	C:\WINDOWS\System32\shcore.dll
0x00007ffd03f10000 - 0x00007ffd04657000 	C:\WINDOWS\System32\windows.storage.dll
0x00007ffd07060000 - 0x00007ffd070b1000 	C:\WINDOWS\System32\shlwapi.dll
0x00007ffd03520000 - 0x00007ffd03531000 	C:\WINDOWS\System32\kernel.appcore.dll
0x00007ffd03540000 - 0x00007ffd0358c000 	C:\WINDOWS\System32\powrprof.dll
0x00007ffd03500000 - 0x00007ffd0351b000 	C:\WINDOWS\System32\profapi.dll
0x00000000763b0000 - 0x00000000763b9000 	C:\Program Files\Java\jdk1.8.0_91\jre\bin\dt_socket.dll
0x00007ffd02d70000 - 0x00007ffd02dd6000 	C:\WINDOWS\system32\mswsock.dll
0x00007ffcf7810000 - 0x00007ffcf79d8000 	C:\WINDOWS\SYSTEM32\dbghelp.dll

VM Arguments:
jvm_args: -agentlib:jdwp=transport=dt_socket,address=127.0.0.1:2620,suspend=y,server=n -Dfile.encoding=UTF-8 
java_command: BinaryTree.ReConstructBinaryTree
java_class_path (initial): C:\Program Files\Java\jdk1.8.0_91\jre\lib\charsets.jar;C:\Program Files\Java\jdk1.8.0_91\jre\lib\deploy.jar;C:\Program Files\Java\jdk1.8.0_91\jre\lib\ext\access-bridge-64.jar;C:\Program Files\Java\jdk1.8.0_91\jre\lib\ext\cldrdata.jar;C:\Program Files\Java\jdk1.8.0_91\jre\lib\ext\dnsns.jar;C:\Program Files\Java\jdk1.8.0_91\jre\lib\ext\jaccess.jar;C:\Program Files\Java\jdk1.8.0_91\jre\lib\ext\jfxrt.jar;C:\Program Files\Java\jdk1.8.0_91\jre\lib\ext\localedata.jar;C:\Program Files\Java\jdk1.8.0_91\jre\lib\ext\nashorn.jar;C:\Program Files\Java\jdk1.8.0_91\jre\lib\ext\sunec.jar;C:\Program Files\Java\jdk1.8.0_91\jre\lib\ext\sunjce_provider.jar;C:\Program Files\Java\jdk1.8.0_91\jre\lib\ext\sunmscapi.jar;C:\Program Files\Java\jdk1.8.0_91\jre\lib\ext\sunpkcs11.jar;C:\Program Files\Java\jdk1.8.0_91\jre\lib\ext\zipfs.jar;C:\Program Files\Java\jdk1.8.0_91\jre\lib\javaws.jar;C:\Program Files\Java\jdk1.8.0_91\jre\lib\jce.jar;C:\Program Files\Java\jdk1.8.0_91\jre\lib\jfr.jar;C:\Program Files\Java\jdk1.8.0_91\jre\lib\jfxswt.jar;C:\Program Files\Java\jdk1.8.0_91\jre\lib\jsse.jar;C:\Program Files\Java\jdk1.8.0_91\jre\lib\management-agent.jar;C:\Program Files\Java\jdk1.8.0_91\jre\lib\plugin.jar;C:\Program Files\Java\jdk1.8.0_91\jre\lib\resources.jar;C:\Program Files\Java\jdk1.8.0_91\jre\lib\rt.jar;D:\Interview\out\production\Interview;D:\IntelliJ IDEA 2017.1.5\lib\idea_rt.jar
Launcher Type: SUN_STANDARD

Environment Variables:
JAVA_HOME=C:\Java\jdk1.8.0_91
JRE_HOME=C:\Java\jre1.8.0_144
CLASSPATH=.;JAVA_HOME%\LIB\dt.jar;JAVA_HOME%\LIB\tools.jar
PATH=C:\ProgramData\Oracle\Java\javapath;C:\Program Files (x86)\Intel\iCLS Client\;C:\Program Files\Intel\iCLS Client\;C:\windows\system32;C:\windows;C:\windows\System32\Wbem;C:\windows\System32\WindowsPowerShell\v1.0\;C:\Program Files (x86)\NVIDIA Corporation\PhysX\Common;C:\Program Files (x86)\Intel\Intel(R) Management Engine Components\DAL;C:\Program Files\Intel\Intel(R) Management Engine Components\DAL;C:\Program Files (x86)\Intel\Intel(R) Management Engine Components\IPT;C:\Program Files\Intel\Intel(R) Management Engine Components\IPT;C:\WINDOWS\system32;C:\WINDOWS;C:\WINDOWS\System32\Wbem;C:\WINDOWS\System32\WindowsPowerShell\v1.0\;C:\apache-maven-3.0.5\bin;C:\Program Files\nodejs\;C:\Program Files\Git\cmd;C:\Program Files\MySQL\MySQL Utilities 1.6\;C:\Java\jdk1.8.0_91\bin;C:\Users\qq940\AppData\Roaming\npm;C:\apache-maven-3.0.5\bin;C:\sqlite-dll-win64-x64-3200100;;C:\Users\qq940\AppData\Local\Microsoft\WindowsApps
USERNAME=qq940
OS=Windows_NT
PROCESSOR_IDENTIFIER=Intel64 Family 6 Model 158 Stepping 9, GenuineIntel



---------------  S Y S T E M  ---------------

OS: Windows 10.0 , 64 bit Build 16299 (10.0.16299.15)

CPU:total 4 (4 cores per cpu, 1 threads per core) family 6 model 158 stepping 9, cmov, cx8, fxsr, mmx, sse, sse2, sse3, ssse3, sse4.1, sse4.2, popcnt, avx, avx2, aes, clmul, erms, 3dnowpref, lzcnt, tsc, tscinvbit, bmi1, bmi2, adx

Memory: 4k page, physical 8300504k(3809136k free), swap 10921944k(4701744k free)

vm_info: Java HotSpot(TM) 64-Bit Server VM (25.91-b15) for windows-amd64 JRE (1.8.0_91-b15), built on May 20 2016 17:43:15 by "java_re" with MS VC++ 10.0 (VS2010)

time: Mon Jan 01 20:48:49 2018
elapsed time: 3057 seconds (0d 0h 50m 57s)

